<?xml version="1.0" encoding="UTF-8"?>
<!-- Generated by org.testng.reporters.JUnitReportReporter -->
<testsuite hostname="DESKTOP-D7C059L" failures="0" tests="1" name="com.netbanking.testCases.AddCustomerTest_003" time="12.789" errors="0" timestamp="2020-08-11T17:24:34 EDT" skipped="0">
  <testcase classname="com.netbanking.testCases.AddCustomerTest_003" name="addNewCustomers" time="12.789"/>
  <system-out/>
</testsuite> <!-- com.netbanking.testCases.AddCustomerTest_003 -->
