<?xml version="1.0" encoding="UTF-8"?>
<!-- Generated by org.testng.reporters.JUnitReportReporter -->
<testsuite skipped="0" hostname="DESKTOP-D7C059L" name="com.netbanking.testCases.AddCustomerTest_003" tests="1" failures="0" timestamp="2020-08-12T16:27:12 EDT" time="14.320" errors="0">
  <testcase name="addNewCustomers" time="14.320" classname="com.netbanking.testCases.AddCustomerTest_003"/>
  <system-out/>
</testsuite> <!-- com.netbanking.testCases.AddCustomerTest_003 -->
